<?xml version="1.0" encoding="UTF-8"?>
<!-- Generated by org.testng.reporters.JUnitXMLReporter -->
<testsuite hostname="Bayramguls-MacBook-Air.local" ignored="0" name="Default test" tests="3" failures="0" timestamp="2020-05-23T13:30:36 EDT" time="22.241" errors="0">
  <testcase name="InvalidPasswordAdminLogin" time="2.047" classname="com.syntax.test.LoginPageTest_TestNG"/>
  <testcase name="emptyUsername" time="0.355" classname="com.syntax.test.LoginPageTest_TestNG"/>
  <testcase name="validAdminLogin" time="2.475" classname="com.syntax.test.LoginPageTest_TestNG"/>
</testsuite> <!-- Default test -->
