<?xml version="1.0" encoding="UTF-8"?>
<!-- Generated by org.testng.reporters.JUnitXMLReporter -->
<testsuite hostname="Bayramguls-MacBook-Air.local" ignored="1" name="Test" tests="2" failures="0" timestamp="2020-05-20T02:00:26 EDT" time="0.179" errors="0">
  <testcase name="firstTest" time="0.023" classname="com.class02.EnableDisableDemo"/>
  <testcase name="SecondTest" time="0.006" classname="com.class02.EnableDisableDemo"/>
  <testcase name="ThirdTest" time="0.0" classname="com.class02.EnableDisableDemo">
    <ignored/>
  </testcase> <!-- ThirdTest -->
</testsuite> <!-- Test -->
