<?xml version="1.0" encoding="UTF-8"?>
<!-- Generated by org.testng.reporters.JUnitXMLReporter -->
<testsuite hostname="Bayramguls-MacBook-Air.local" ignored="2" name="TestNGGroupsDemo" tests="2" failures="0" timestamp="2020-05-20T02:46:12 EDT" time="0.213" errors="0">
  <testcase name="Test1" time="0.02" classname="com.class02.TestNGGroupsDemo"/>
  <testcase name="Test2" time="0.004" classname="com.class02.TestNGGroupsDemo"/>
  <testcase name="Test3" time="0.0" classname="com.class02.TestNGGroupsDemo">
    <ignored/>
  </testcase> <!-- Test3 -->
  <testcase name="Test4" time="0.0" classname="com.class02.TestNGGroupsDemo">
    <ignored/>
  </testcase> <!-- Test4 -->
</testsuite> <!-- TestNGGroupsDemo -->
