<?xml version="1.0" encoding="UTF-8"?>
<!-- Generated by org.testng.reporters.JUnitXMLReporter -->
<testsuite hostname="Bayramguls-MacBook-Air.local" ignored="2" tests="0" failures="0" timestamp="2020-05-28T01:45:54 EDT" time="0.068" errors="0">
  <testcase name="logoValidation" time="0.0" classname="com.class04.TitleLogoAndLoginValidation">
    <ignored/>
  </testcase> <!-- logoValidation -->
  <testcase name="ttileValidation" time="0.0" classname="com.class04.TitleLogoAndLoginValidation">
    <ignored/>
  </testcase> <!-- ttileValidation -->
</testsuite>
