<?xml version="1.0" encoding="UTF-8"?>
<!-- Generated by org.testng.reporters.JUnitXMLReporter -->
<testsuite hostname="Bayramguls-MacBook-Air.local" ignored="0" name="Listener Test" tests="2" failures="1" timestamp="2020-05-30T00:49:46 EDT" time="28.448" errors="0">
  <testcase name="test1" time="0.038" classname="com.class04.ListenerDemo"/>
  <testcase name="test2" time="0.004" classname="com.class04.ListenerDemo">
    <failure type="java.lang.AssertionError">
      <![CDATA[java.lang.AssertionError
at org.junit.Assert.fail(Assert.java:86)
at org.junit.Assert.assertTrue(Assert.java:41)
at org.junit.Assert.assertTrue(Assert.java:52)
at com.class04.ListenerDemo.test2(ListenerDemo.java:29)
at java.util.ArrayList.forEach(ArrayList.java:1257)
... Removed 27 stack frames]]>
    </failure>
  </testcase> <!-- test2 -->
</testsuite> <!-- Listener Test -->
