<?xml version="1.0" encoding="UTF-8"?>
<testng-results skipped="0" failed="0" ignored="0" total="3" passed="3">
  <reporter-output>
  </reporter-output>
  <suite name="Default suite" duration-ms="22241" started-at="2020-05-23T13:30:13 EDT" finished-at="2020-05-23T13:30:35 EDT">
    <groups>
    </groups>
    <test name="Default test" duration-ms="22241" started-at="2020-05-23T13:30:13 EDT" finished-at="2020-05-23T13:30:35 EDT">
      <class name="com.syntax.test.LoginPageTest_TestNG">
        <test-method status="PASS" signature="setUp()[pri:0, instance:com.syntax.test.LoginPageTest_TestNG@a7e666]" name="setUp" is-config="true" duration-ms="9941" started-at="2020-05-23T13:30:13 EDT" finished-at="2020-05-23T13:30:23 EDT">
          <reporter-output>
          </reporter-output>
        </test-method> <!-- setUp -->
        <test-method status="PASS" signature="InvalidPasswordAdminLogin()[pri:0, instance:com.syntax.test.LoginPageTest_TestNG@a7e666]" name="InvalidPasswordAdminLogin" duration-ms="2047" started-at="2020-05-23T13:30:23 EDT" finished-at="2020-05-23T13:30:25 EDT">
          <reporter-output>
          </reporter-output>
        </test-method> <!-- InvalidPasswordAdminLogin -->
        <test-method status="PASS" signature="tearDown()[pri:0, instance:com.syntax.test.LoginPageTest_TestNG@a7e666]" name="tearDown" is-config="true" duration-ms="137" started-at="2020-05-23T13:30:25 EDT" finished-at="2020-05-23T13:30:25 EDT">
          <reporter-output>
          </reporter-output>
        </test-method> <!-- tearDown -->
        <test-method status="PASS" signature="setUp()[pri:0, instance:com.syntax.test.LoginPageTest_TestNG@a7e666]" name="setUp" is-config="true" duration-ms="3775" started-at="2020-05-23T13:30:25 EDT" finished-at="2020-05-23T13:30:29 EDT">
          <reporter-output>
          </reporter-output>
        </test-method> <!-- setUp -->
        <test-method status="PASS" signature="emptyUsername()[pri:0, instance:com.syntax.test.LoginPageTest_TestNG@a7e666]" name="emptyUsername" duration-ms="355" started-at="2020-05-23T13:30:29 EDT" finished-at="2020-05-23T13:30:30 EDT">
          <reporter-output>
          </reporter-output>
        </test-method> <!-- emptyUsername -->
        <test-method status="PASS" signature="tearDown()[pri:0, instance:com.syntax.test.LoginPageTest_TestNG@a7e666]" name="tearDown" is-config="true" duration-ms="81" started-at="2020-05-23T13:30:30 EDT" finished-at="2020-05-23T13:30:30 EDT">
          <reporter-output>
          </reporter-output>
        </test-method> <!-- tearDown -->
        <test-method status="PASS" signature="setUp()[pri:0, instance:com.syntax.test.LoginPageTest_TestNG@a7e666]" name="setUp" is-config="true" duration-ms="3215" started-at="2020-05-23T13:30:30 EDT" finished-at="2020-05-23T13:30:33 EDT">
          <reporter-output>
          </reporter-output>
        </test-method> <!-- setUp -->
        <test-method status="PASS" signature="validAdminLogin()[pri:0, instance:com.syntax.test.LoginPageTest_TestNG@a7e666]" name="validAdminLogin" duration-ms="2475" started-at="2020-05-23T13:30:33 EDT" finished-at="2020-05-23T13:30:35 EDT">
          <reporter-output>
          </reporter-output>
        </test-method> <!-- validAdminLogin -->
        <test-method status="PASS" signature="tearDown()[pri:0, instance:com.syntax.test.LoginPageTest_TestNG@a7e666]" name="tearDown" is-config="true" duration-ms="84" started-at="2020-05-23T13:30:35 EDT" finished-at="2020-05-23T13:30:35 EDT">
          <reporter-output>
          </reporter-output>
        </test-method> <!-- tearDown -->
      </class> <!-- com.syntax.test.LoginPageTest_TestNG -->
    </test> <!-- Default test -->
  </suite> <!-- Default suite -->
</testng-results>
