<?xml version="1.0" encoding="UTF-8"?>
<testng-results skipped="0" failed="0" ignored="0" total="2" passed="2">
  <reporter-output>
  </reporter-output>
  <suite name="Default suite" duration-ms="19741" started-at="2020-05-20T21:37:09 EDT" finished-at="2020-05-20T21:37:29 EDT">
    <groups>
    </groups>
    <test name="Default test" duration-ms="19741" started-at="2020-05-20T21:37:09 EDT" finished-at="2020-05-20T21:37:29 EDT">
      <class name="com.class02.Task_2">
        <test-method status="PASS" signature="openBrowser()[pri:0, instance:com.class02.Task_2@72b6cbcc]" name="openBrowser" is-config="true" duration-ms="8244" started-at="2020-05-20T21:37:09 EDT" finished-at="2020-05-20T21:37:17 EDT">
          <reporter-output>
          </reporter-output>
        </test-method> <!-- openBrowser -->
        <test-method status="PASS" signature="logoValidation()[pri:0, instance:com.class02.Task_2@72b6cbcc]" name="logoValidation" duration-ms="252" started-at="2020-05-20T21:37:17 EDT" finished-at="2020-05-20T21:37:17 EDT">
          <reporter-output>
          </reporter-output>
        </test-method> <!-- logoValidation -->
        <test-method status="PASS" signature="closeBrowser()[pri:0, instance:com.class02.Task_2@72b6cbcc]" name="closeBrowser" is-config="true" duration-ms="196" started-at="2020-05-20T21:37:18 EDT" finished-at="2020-05-20T21:37:18 EDT">
          <reporter-output>
          </reporter-output>
        </test-method> <!-- closeBrowser -->
        <test-method status="PASS" signature="openBrowser()[pri:0, instance:com.class02.Task_2@72b6cbcc]" name="openBrowser" is-config="true" duration-ms="5418" started-at="2020-05-20T21:37:18 EDT" finished-at="2020-05-20T21:37:23 EDT">
          <reporter-output>
          </reporter-output>
        </test-method> <!-- openBrowser -->
        <test-method status="PASS" signature="validLogin()[pri:0, instance:com.class02.Task_2@72b6cbcc]" name="validLogin" duration-ms="4584" started-at="2020-05-20T21:37:23 EDT" finished-at="2020-05-20T21:37:28 EDT">
          <reporter-output>
          </reporter-output>
        </test-method> <!-- validLogin -->
        <test-method status="PASS" signature="closeBrowser()[pri:0, instance:com.class02.Task_2@72b6cbcc]" name="closeBrowser" is-config="true" duration-ms="723" started-at="2020-05-20T21:37:28 EDT" finished-at="2020-05-20T21:37:28 EDT">
          <reporter-output>
          </reporter-output>
        </test-method> <!-- closeBrowser -->
      </class> <!-- com.class02.Task_2 -->
    </test> <!-- Default test -->
  </suite> <!-- Default suite -->
</testng-results>
