<?xml version="1.0" encoding="UTF-8"?>
<!-- Generated by org.testng.reporters.JUnitXMLReporter -->
<testsuite hostname="Bayramguls-MacBook-Air.local" ignored="2" name="Test class01" tests="10" failures="0" timestamp="2020-05-27T01:03:30 EDT" time="72.556" errors="0">
  <testcase name="loginValidation" time="3.418" classname="com.class01.TitleLogoAndLoginValidation"/>
  <testcase name="titleValidation" time="0.035" classname="com.class01.TitleLogoAndLoginValidation"/>
  <testcase name="test" time="0.002" classname="com.class01.DifferentAnnotations"/>
  <testcase name="login" time="1.087" classname="com.class01.HRMS_NegativeLogin"/>
  <testcase name="InvalidLogin" time="1.683" classname="com.class01.HRMS_PositiveLogin_TC"/>
  <testcase name="test1" time="0.002" classname="com.class01.TaskTwo"/>
  <testcase name="test2" time="0.001" classname="com.class01.TaskTwo"/>
  <testcase name="testOne" time="0.003" classname="com.class01.TestNGDemo"/>
  <testcase name="testThree" time="0.002" classname="com.class01.TestNGDemo"/>
  <testcase name="testTwo" time="0.001" classname="com.class01.TestNGDemo"/>
  <testcase name="logoValidation" time="0.0" classname="com.class01.TitleLogoAndLoginValidation">
    <ignored/>
  </testcase> <!-- logoValidation -->
  <testcase name="validLogin" time="0.0" classname="com.class01.HRMS_PositiveLogin_TC">
    <ignored/>
  </testcase> <!-- validLogin -->
</testsuite> <!-- Test class01 -->
